<?xml version="1.0" encoding="UTF-8"?>
<!-- Generated by org.testng.reporters.JUnitXMLReporter -->
<testsuite ignored="0" hostname="LAPTOP-UIFCALBT" failures="2" tests="3" name="EndToEndTests" time="18.025" errors="0" timestamp="2021-12-16T18:38:13 IST">
  <testcase classname="uitests.TestHeadersOfAllPages" name="verifyPageHeaders" time="3.672"/>
  <testcase classname="uitests.TestClass" name="endToEndTest" time="9.799">
    <failure type="java.lang.AssertionError" message="null">
      <![CDATA[java.lang.AssertionError: null
at pageobjects.PaymentWithCardPage.fillPaymentDetailsAndSubmit(PaymentWithCardPage.java:55)
at uitests.TestClass.endToEndTest(TestClass.java:76)
at java.base/java.util.concurrent.ThreadPoolExecutor.runWorker(ThreadPoolExecutor.java:1130)
at java.base/java.util.concurrent.ThreadPoolExecutor$Worker.run(ThreadPoolExecutor.java:630)
at java.base/java.lang.Thread.run(Thread.java:831)
... Removed 14 stack frames]]>
    </failure>
  </testcase> <!-- endToEndTest -->
  <testcase classname="uitests.TestHeadersOfAllPages" name="verifyPaymentsHeader" time="8.031">
    <failure type="java.lang.AssertionError" message="null">
      <![CDATA[java.lang.AssertionError: null
at pageobjects.PaymentWithCardPage.fillPaymentDetailsAndSubmit(PaymentWithCardPage.java:55)
at uitests.TestHeadersOfAllPages.verifyPaymentsHeader(TestHeadersOfAllPages.java:53)
at java.base/java.util.concurrent.ThreadPoolExecutor.runWorker(ThreadPoolExecutor.java:1130)
at java.base/java.util.concurrent.ThreadPoolExecutor$Worker.run(ThreadPoolExecutor.java:630)
at java.base/java.lang.Thread.run(Thread.java:831)
... Removed 14 stack frames]]>
    </failure>
  </testcase> <!-- verifyPaymentsHeader -->
</testsuite> <!-- EndToEndTests -->
