<?xml version="1.0" encoding="UTF-8"?>
<!-- Generated by org.testng.reporters.JUnitXMLReporter -->
<testsuite ignored="0" hostname="LAPTOP-UIFCALBT" failures="0" tests="3" name="Test" time="36.011" errors="0" timestamp="2021-12-16T16:35:20 IST">
  <testcase classname="uitests.TestHeadersOfAllPages" name="verifyPageHeaders" time="9.808"/>
  <testcase classname="uitests.TestClass" name="endToEndTest" time="19.651"/>
  <testcase classname="uitests.TestHeadersOfAllPages" name="verifyPaymentsHeader" time="16.289"/>
</testsuite> <!-- Test -->
