<?xml version="1.0" encoding="UTF-8"?>
<!-- Generated by org.testng.reporters.JUnitXMLReporter -->
<testsuite ignored="0" hostname="LAPTOP-UIFCALBT" failures="0" tests="3" name="EndToEndTests" time="23.831" errors="0" timestamp="2021-12-16T20:25:05 IST">
  <testcase classname="uitests.TestHeadersOfAllPages" name="verifyPageHeaders" time="7.601"/>
  <testcase classname="uitests.TestClass" name="endToEndTest" time="14.8"/>
  <testcase classname="uitests.TestHeadersOfAllPages" name="verifyPaymentsHeader" time="11.022"/>
</testsuite> <!-- EndToEndTests -->
