<?xml version="1.0" encoding="UTF-8"?>
<!-- Generated by org.testng.reporters.JUnitXMLReporter -->
<testsuite ignored="0" hostname="LAPTOP-UIFCALBT" failures="0" tests="3" name="EndToEndTests" time="25.609" errors="0" timestamp="2021-12-16T22:02:33 IST">
  <testcase classname="uitests.TestHeadersOfAllPages" name="verifyPageHeaders" time="9.034"/>
  <testcase classname="uitests.TestClass" name="endToEndTest" time="15.65"/>
  <testcase classname="uitests.TestHeadersOfAllPages" name="verifyPaymentsHeader" time="10.401"/>
</testsuite> <!-- EndToEndTests -->
