<?xml version="1.0" encoding="UTF-8"?>
<testng-results ignored="0" total="3" passed="3" failed="0" skipped="0">
  <reporter-output>
  </reporter-output>
  <suite started-at="2021-12-16T20:24:41 IST" name="Suite" finished-at="2021-12-16T20:25:05 IST" duration-ms="23831">
    <groups>
    </groups>
    <test started-at="2021-12-16T20:24:41 IST" name="EndToEndTests" finished-at="2021-12-16T20:25:05 IST" duration-ms="23831">
      <class name="uitests.TestHeadersOfAllPages">
        <test-method is-config="true" signature="setup()[pri:0, instance:uitests.TestHeadersOfAllPages@343570b7]" started-at="2021-12-16T20:24:41 IST" name="setup" finished-at="2021-12-16T20:24:43 IST" duration-ms="1695" status="PASS">
          <reporter-output>
          </reporter-output>
        </test-method> <!-- setup -->
        <test-method is-config="true" signature="beforeMethod()[pri:0, instance:uitests.TestHeadersOfAllPages@343570b7]" started-at="2021-12-16T20:24:43 IST" name="beforeMethod" finished-at="2021-12-16T20:24:46 IST" duration-ms="3031" status="PASS">
          <reporter-output>
          </reporter-output>
        </test-method> <!-- beforeMethod -->
        <test-method signature="verifyPageHeaders()[pri:0, instance:uitests.TestHeadersOfAllPages@343570b7]" started-at="2021-12-16T20:24:46 IST" name="verifyPageHeaders" finished-at="2021-12-16T20:24:53 IST" duration-ms="7601" status="PASS">
          <reporter-output>
          </reporter-output>
        </test-method> <!-- verifyPageHeaders -->
        <test-method is-config="true" signature="beforeMethod()[pri:0, instance:uitests.TestHeadersOfAllPages@343570b7]" started-at="2021-12-16T20:24:53 IST" name="beforeMethod" finished-at="2021-12-16T20:24:54 IST" duration-ms="333" status="PASS">
          <reporter-output>
          </reporter-output>
        </test-method> <!-- beforeMethod -->
        <test-method signature="verifyPaymentsHeader()[pri:0, instance:uitests.TestHeadersOfAllPages@343570b7]" started-at="2021-12-16T20:24:54 IST" name="verifyPaymentsHeader" finished-at="2021-12-16T20:25:05 IST" duration-ms="11022" status="PASS">
          <reporter-output>
          </reporter-output>
        </test-method> <!-- verifyPaymentsHeader -->
        <test-method is-config="true" signature="teardown()[pri:0, instance:uitests.TestHeadersOfAllPages@343570b7]" started-at="2021-12-16T20:25:05 IST" name="teardown" finished-at="2021-12-16T20:25:05 IST" duration-ms="124" status="PASS">
          <reporter-output>
          </reporter-output>
        </test-method> <!-- teardown -->
      </class> <!-- uitests.TestHeadersOfAllPages -->
      <class name="uitests.TestClass">
        <test-method is-config="true" signature="setup()[pri:0, instance:uitests.TestClass@1d8bd0de]" started-at="2021-12-16T20:24:41 IST" name="setup" finished-at="2021-12-16T20:24:46 IST" duration-ms="4738" status="PASS">
          <reporter-output>
          </reporter-output>
        </test-method> <!-- setup -->
        <test-method signature="endToEndTest()[pri:0, instance:uitests.TestClass@1d8bd0de]" started-at="2021-12-16T20:24:46 IST" name="endToEndTest" finished-at="2021-12-16T20:25:01 IST" duration-ms="14800" status="PASS">
          <reporter-output>
          </reporter-output>
        </test-method> <!-- endToEndTest -->
        <test-method is-config="true" signature="teardown()[pri:0, instance:uitests.TestClass@1d8bd0de]" started-at="2021-12-16T20:25:01 IST" name="teardown" finished-at="2021-12-16T20:25:01 IST" duration-ms="134" status="PASS">
          <reporter-output>
          </reporter-output>
        </test-method> <!-- teardown -->
      </class> <!-- uitests.TestClass -->
    </test> <!-- EndToEndTests -->
  </suite> <!-- Suite -->
</testng-results>
