<?xml version="1.0" encoding="UTF-8"?>
<testsuite xmlns:xsi="http://www.w3.org/2001/XMLSchema-instance" xsi:noNamespaceSchemaLocation="https://maven.apache.org/surefire/maven-surefire-plugin/xsd/surefire-test-report-3.0.xsd" version="3.0" name="TestSuite" time="24.541" tests="3" errors="0" skipped="0" failures="0">
  <properties>
[...]
</properties>
  <testcase name="verifyPageHeaders" classname="uitests.TestHeadersOfAllPages" time="7.574">
    <system-out><![CDATA[11
Temperature is less than 19 degree hence, shop for Moisturizers
{Boris Almond and Honey=128, Mikhail Almond and Talc=353, Alexander Almond & Honey Moisturiser=360}
{Vassily Aloe Attack=199, Jose Intensive Care Aloe Body Lotion=216, Emmanuel Aloe Vera Beauty Gel=299}
outMap: {Boris Almond and Honey=128, Vassily Aloe Attack=199}
]]></system-out>
    <system-err><![CDATA[SLF4J: Failed to load class "org.slf4j.impl.StaticLoggerBinder".
SLF4J: Defaulting to no-operation (NOP) logger implementation
SLF4J: See http://www.slf4j.org/codes.html#StaticLoggerBinder for further details.
Starting ChromeDriver 96.0.4664.45 (76e4c1bb2ab4671b8beba3444e61c0f17584b2fc-refs/branch-heads/4664@{#947}) on port 52192
Only local connections are allowed.
Please see https://chromedrSivtearr.tchirnogm iCuhmr.oomrg/security-consideratieonDs rfiorver  s9u6g.g0.e4st6i6o4n.s4 5o n(7 6kee4ecp1ibnbg2 aCbh4ro67m1ebD8rbievbear3 44s4aef6e1.c0
f17584b2fc-refs/branch-heads/4664@{#947}) on port 53960
Only local connections are allowed.
Please see https://chromedriver.chromium.org/security-CcohnrsiomdeeDrraitivoenrs  wfaosr  sstuagrgteeds tsiuocncse sosnf ukleleyp.in
g ChromeDriver safe.
ChromeDriver was started successfully.
Dec 16, 2021 8:24:43 PM org.openqa.selenium.remote.ProtocolHandshake createSession
INFO: Detected dialect: W3C
Dec 16, 2021 8:24:43 PM org.openqa.selenium.remote.ProtocolHandshake createSession
INFO: Detected dialect: W3C
Dec 16, 2021 8:24:43 PM org.openqa.selenium.devtools.CdpVersionFinder findNearestMatch
WARNING: Unable to find an exact match for CDP version 96, so returning the closest version found: 95
Dec 16, 2021 8:24:43 PM org.openqa.selenium.devtools.CdpVersionFinder findNearestMatch
WARNING: Unable to find an exact match for CDP version 96, so returning the closest version found: 95
Dec 16, 2021 8:24:43 PM org.openqa.selenium.devtools.CdpVersionFinder findNearestMatch
INFO: Found CDP implementation for version 96 of 95
Dec 16, 2021 8:24:43 PM org.openqa.selenium.devtools.CdpVersionFinder findNearestMatch
INFO: Found CDP implementation for version 96 of 95
]]></system-err>
  </testcase>
  <testcase name="verifyPaymentsHeader" classname="uitests.TestHeadersOfAllPages" time="11.021"/>
  <testcase name="endToEndTest" classname="uitests.TestClass" time="6.861">
    <system-out><![CDATA[actualTotal 327
expTotal 327
{Akiba Amazing SPF-50=222, Gary Bio Sandalwood SPF-50=250}
{Vassily Brilliant SPF-30=116, Magnus Resistant Sunscreen SPF-30=140, Vishy La Shield Sunscreen spf-30=195}
outMap: {Akiba Amazing SPF-50=222, Vassily Brilliant SPF-30=116}
]]></system-out>
  </testcase>
</testsuite>