<?xml version="1.0" encoding="UTF-8"?>
<testng-results ignored="0" total="3" passed="3" failed="0" skipped="0">
  <reporter-output>
  </reporter-output>
  <suite started-at="2021-12-16T22:02:08 IST" name="Suite" finished-at="2021-12-16T22:02:33 IST" duration-ms="25609">
    <groups>
    </groups>
    <test started-at="2021-12-16T22:02:08 IST" name="EndToEndTests" finished-at="2021-12-16T22:02:33 IST" duration-ms="25609">
      <class name="uitests.TestHeadersOfAllPages">
        <test-method is-config="true" signature="setup()[pri:0, instance:uitests.TestHeadersOfAllPages@343570b7]" started-at="2021-12-16T22:02:08 IST" name="setup" finished-at="2021-12-16T22:02:10 IST" duration-ms="2734" status="PASS">
          <reporter-output>
          </reporter-output>
        </test-method> <!-- setup -->
        <test-method is-config="true" signature="beforeMethod()[pri:0, instance:uitests.TestHeadersOfAllPages@343570b7]" started-at="2021-12-16T22:02:10 IST" name="beforeMethod" finished-at="2021-12-16T22:02:13 IST" duration-ms="2963" status="PASS">
          <reporter-output>
          </reporter-output>
        </test-method> <!-- beforeMethod -->
        <test-method signature="verifyPageHeaders()[pri:0, instance:uitests.TestHeadersOfAllPages@343570b7]" started-at="2021-12-16T22:02:13 IST" name="verifyPageHeaders" finished-at="2021-12-16T22:02:22 IST" duration-ms="9034" status="PASS">
          <reporter-output>
          </reporter-output>
        </test-method> <!-- verifyPageHeaders -->
        <test-method is-config="true" signature="beforeMethod()[pri:0, instance:uitests.TestHeadersOfAllPages@343570b7]" started-at="2021-12-16T22:02:22 IST" name="beforeMethod" finished-at="2021-12-16T22:02:23 IST" duration-ms="343" status="PASS">
          <reporter-output>
          </reporter-output>
        </test-method> <!-- beforeMethod -->
        <test-method signature="verifyPaymentsHeader()[pri:0, instance:uitests.TestHeadersOfAllPages@343570b7]" started-at="2021-12-16T22:02:23 IST" name="verifyPaymentsHeader" finished-at="2021-12-16T22:02:33 IST" duration-ms="10401" status="PASS">
          <reporter-output>
          </reporter-output>
        </test-method> <!-- verifyPaymentsHeader -->
        <test-method is-config="true" signature="teardown()[pri:0, instance:uitests.TestHeadersOfAllPages@343570b7]" started-at="2021-12-16T22:02:33 IST" name="teardown" finished-at="2021-12-16T22:02:33 IST" duration-ms="110" status="PASS">
          <reporter-output>
          </reporter-output>
        </test-method> <!-- teardown -->
      </class> <!-- uitests.TestHeadersOfAllPages -->
      <class name="uitests.TestClass">
        <test-method is-config="true" signature="setup()[pri:0, instance:uitests.TestClass@1d8bd0de]" started-at="2021-12-16T22:02:08 IST" name="setup" finished-at="2021-12-16T22:02:13 IST" duration-ms="5675" status="PASS">
          <reporter-output>
          </reporter-output>
        </test-method> <!-- setup -->
        <test-method signature="endToEndTest()[pri:0, instance:uitests.TestClass@1d8bd0de]" started-at="2021-12-16T22:02:13 IST" name="endToEndTest" finished-at="2021-12-16T22:02:29 IST" duration-ms="15650" status="PASS">
          <reporter-output>
          </reporter-output>
        </test-method> <!-- endToEndTest -->
        <test-method is-config="true" signature="teardown()[pri:0, instance:uitests.TestClass@1d8bd0de]" started-at="2021-12-16T22:02:29 IST" name="teardown" finished-at="2021-12-16T22:02:29 IST" duration-ms="135" status="PASS">
          <reporter-output>
          </reporter-output>
        </test-method> <!-- teardown -->
      </class> <!-- uitests.TestClass -->
    </test> <!-- EndToEndTests -->
  </suite> <!-- Suite -->
</testng-results>
